[2.991s] Invoking command in '/home/araby/Cleaning_Robot_Project/Ros2_ws/src/gui': PYTHONPATH=/home/araby/Cleaning_Robot_Project/Ros2_ws/build/gui/prefix_override:/usr/lib/python3/dist-packages/colcon_core/task/python/colcon_distutils_commands:/home/araby/Cleaning_Robot_Project/Ros2_ws/install/gui/lib/python3.10/site-packages:${PYTHONPATH} /usr/bin/python3 -W ignore:setup.py install is deprecated -W ignore:easy_install command is deprecated setup.py egg_info --egg-base ../../build/gui build --build-base /home/araby/Cleaning_Robot_Project/Ros2_ws/build/gui/build install --record /home/araby/Cleaning_Robot_Project/Ros2_ws/build/gui/install.log --single-version-externally-managed install_data
[3.776s] running egg_info
[3.777s] creating ../../build/gui/gui.egg-info
[3.777s] writing ../../build/gui/gui.egg-info/PKG-INFO
[3.777s] writing dependency_links to ../../build/gui/gui.egg-info/dependency_links.txt
[3.777s] writing entry points to ../../build/gui/gui.egg-info/entry_points.txt
[3.778s] writing requirements to ../../build/gui/gui.egg-info/requires.txt
[3.778s] writing top-level names to ../../build/gui/gui.egg-info/top_level.txt
[3.778s] writing manifest file '../../build/gui/gui.egg-info/SOURCES.txt'
[3.778s] reading manifest file '../../build/gui/gui.egg-info/SOURCES.txt'
[3.779s] writing manifest file '../../build/gui/gui.egg-info/SOURCES.txt'
[3.781s] running build
[3.781s] running build_py
[3.784s] creating /home/araby/Cleaning_Robot_Project/Ros2_ws/build/gui/build
[3.785s] creating /home/araby/Cleaning_Robot_Project/Ros2_ws/build/gui/build/lib
[3.786s] creating /home/araby/Cleaning_Robot_Project/Ros2_ws/build/gui/build/lib/gui
[3.786s] copying gui/simple_subscriber.py -> /home/araby/Cleaning_Robot_Project/Ros2_ws/build/gui/build/lib/gui
[3.788s] copying gui/__init__.py -> /home/araby/Cleaning_Robot_Project/Ros2_ws/build/gui/build/lib/gui
[3.788s] copying gui/keyboard.py -> /home/araby/Cleaning_Robot_Project/Ros2_ws/build/gui/build/lib/gui
[3.788s] copying gui/main.py -> /home/araby/Cleaning_Robot_Project/Ros2_ws/build/gui/build/lib/gui
[3.790s] running install
[3.792s] running install_lib
[3.795s] creating /home/araby/Cleaning_Robot_Project/Ros2_ws/install/gui/lib/python3.10/site-packages/gui
[3.796s] copying /home/araby/Cleaning_Robot_Project/Ros2_ws/build/gui/build/lib/gui/simple_subscriber.py -> /home/araby/Cleaning_Robot_Project/Ros2_ws/install/gui/lib/python3.10/site-packages/gui
[3.798s] copying /home/araby/Cleaning_Robot_Project/Ros2_ws/build/gui/build/lib/gui/__init__.py -> /home/araby/Cleaning_Robot_Project/Ros2_ws/install/gui/lib/python3.10/site-packages/gui
[3.800s] copying /home/araby/Cleaning_Robot_Project/Ros2_ws/build/gui/build/lib/gui/keyboard.py -> /home/araby/Cleaning_Robot_Project/Ros2_ws/install/gui/lib/python3.10/site-packages/gui
[3.801s] copying /home/araby/Cleaning_Robot_Project/Ros2_ws/build/gui/build/lib/gui/main.py -> /home/araby/Cleaning_Robot_Project/Ros2_ws/install/gui/lib/python3.10/site-packages/gui
[3.803s] byte-compiling /home/araby/Cleaning_Robot_Project/Ros2_ws/install/gui/lib/python3.10/site-packages/gui/simple_subscriber.py to simple_subscriber.cpython-310.pyc
[3.805s] byte-compiling /home/araby/Cleaning_Robot_Project/Ros2_ws/install/gui/lib/python3.10/site-packages/gui/__init__.py to __init__.cpython-310.pyc
[3.806s] byte-compiling /home/araby/Cleaning_Robot_Project/Ros2_ws/install/gui/lib/python3.10/site-packages/gui/keyboard.py to keyboard.cpython-310.pyc
[3.813s] byte-compiling /home/araby/Cleaning_Robot_Project/Ros2_ws/install/gui/lib/python3.10/site-packages/gui/main.py to main.cpython-310.pyc
[3.821s] running install_data
[3.823s] creating /home/araby/Cleaning_Robot_Project/Ros2_ws/install/gui/share/ament_index
[3.831s] creating /home/araby/Cleaning_Robot_Project/Ros2_ws/install/gui/share/ament_index/resource_index
[3.836s] creating /home/araby/Cleaning_Robot_Project/Ros2_ws/install/gui/share/ament_index/resource_index/packages
[3.836s] copying resource/gui -> /home/araby/Cleaning_Robot_Project/Ros2_ws/install/gui/share/ament_index/resource_index/packages
[3.836s] copying package.xml -> /home/araby/Cleaning_Robot_Project/Ros2_ws/install/gui/share/gui
[3.836s] running install_egg_info
[3.912s] Copying ../../build/gui/gui.egg-info to /home/araby/Cleaning_Robot_Project/Ros2_ws/install/gui/lib/python3.10/site-packages/gui-0.0.0-py3.10.egg-info
[3.913s] running install_scripts
[3.931s] Installing guiNode script to /home/araby/Cleaning_Robot_Project/Ros2_ws/install/gui/lib/gui
[3.931s] Installing keyboard_publisher script to /home/araby/Cleaning_Robot_Project/Ros2_ws/install/gui/lib/gui
[3.931s] writing list of installed files to '/home/araby/Cleaning_Robot_Project/Ros2_ws/build/gui/install.log'
[4.012s] Invoked command in '/home/araby/Cleaning_Robot_Project/Ros2_ws/src/gui' returned '0': PYTHONPATH=/home/araby/Cleaning_Robot_Project/Ros2_ws/build/gui/prefix_override:/usr/lib/python3/dist-packages/colcon_core/task/python/colcon_distutils_commands:/home/araby/Cleaning_Robot_Project/Ros2_ws/install/gui/lib/python3.10/site-packages:${PYTHONPATH} /usr/bin/python3 -W ignore:setup.py install is deprecated -W ignore:easy_install command is deprecated setup.py egg_info --egg-base ../../build/gui build --build-base /home/araby/Cleaning_Robot_Project/Ros2_ws/build/gui/build install --record /home/araby/Cleaning_Robot_Project/Ros2_ws/build/gui/install.log --single-version-externally-managed install_data
