[0.305s] DEBUG:colcon:Command line arguments: ['/usr/bin/colcon', 'build']
[0.305s] DEBUG:colcon:Parsed command line arguments: Namespace(log_base=None, log_level=None, verb_name='build', build_base='build', install_base='install', merge_install=False, symlink_install=False, test_result_base=None, continue_on_error=False, executor='parallel', parallel_workers=4, event_handlers=None, ignore_user_meta=False, metas=['./colcon.meta'], base_paths=['.'], packages_ignore=None, packages_ignore_regex=None, paths=None, packages_up_to=None, packages_up_to_regex=None, packages_above=None, packages_above_and_dependencies=None, packages_above_depth=None, packages_select_by_dep=None, packages_skip_by_dep=None, packages_skip_up_to=None, packages_select_build_failed=False, packages_skip_build_finished=False, packages_select_test_failures=False, packages_skip_test_passed=False, packages_select=None, packages_skip=None, packages_select_regex=None, packages_skip_regex=None, packages_start=None, packages_end=None, allow_overriding=[], cmake_args=None, cmake_target=None, cmake_target_skip_unavailable=False, cmake_clean_cache=False, cmake_clean_first=False, cmake_force_configure=False, ament_cmake_args=None, catkin_cmake_args=None, catkin_skip_building_tests=False, mixin_files=None, mixin=None, verb_parser=<colcon_mixin.mixin.mixin_argument.MixinArgumentDecorator object at 0x7aefebb43a60>, verb_extension=<colcon_core.verb.build.BuildVerb object at 0x7aefebb42cb0>, main=<bound method BuildVerb.main of <colcon_core.verb.build.BuildVerb object at 0x7aefebb42cb0>>, mixin_verb=('build',))
[0.693s] Level 1:colcon.colcon_core.package_discovery:discover_packages(colcon_meta) check parameters
[0.703s] Level 1:colcon.colcon_core.package_discovery:discover_packages(recursive) check parameters
[0.706s] Level 1:colcon.colcon_core.package_discovery:discover_packages(ignore) check parameters
[0.706s] Level 1:colcon.colcon_core.package_discovery:discover_packages(path) check parameters
[0.707s] Level 1:colcon.colcon_core.package_discovery:discover_packages(colcon_meta) discover
[0.719s] Level 1:colcon.colcon_core.package_discovery:discover_packages(recursive) discover
[0.721s] INFO:colcon.colcon_core.package_discovery:Crawling recursively for packages in '/home/araby/Cleaning_Robot_Project/Ros2_ws'
[0.722s] Level 1:colcon.colcon_core.package_identification:_identify(.) by extensions ['ignore', 'ignore_ament_install']
[0.724s] Level 1:colcon.colcon_core.package_identification:_identify(.) by extension 'ignore'
[0.734s] Level 1:colcon.colcon_core.package_identification:_identify(.) by extension 'ignore_ament_install'
[0.739s] Level 1:colcon.colcon_core.package_identification:_identify(.) by extensions ['colcon_pkg']
[0.739s] Level 1:colcon.colcon_core.package_identification:_identify(.) by extension 'colcon_pkg'
[0.740s] Level 1:colcon.colcon_core.package_identification:_identify(.) by extensions ['colcon_meta']
[0.742s] Level 1:colcon.colcon_core.package_identification:_identify(.) by extension 'colcon_meta'
[0.760s] Level 1:colcon.colcon_core.package_identification:_identify(.) by extensions ['ros']
[0.766s] Level 1:colcon.colcon_core.package_identification:_identify(.) by extension 'ros'
[0.879s] Level 1:colcon.colcon_core.package_identification:_identify(.) by extensions ['cmake', 'python']
[0.880s] Level 1:colcon.colcon_core.package_identification:_identify(.) by extension 'cmake'
[0.880s] Level 1:colcon.colcon_core.package_identification:_identify(.) by extension 'python'
[0.880s] Level 1:colcon.colcon_core.package_identification:_identify(.) by extensions ['python_setup_py']
[0.880s] Level 1:colcon.colcon_core.package_identification:_identify(.) by extension 'python_setup_py'
[0.880s] Level 1:colcon.colcon_core.package_identification:_identify(build) by extensions ['ignore', 'ignore_ament_install']
[0.880s] Level 1:colcon.colcon_core.package_identification:_identify(build) by extension 'ignore'
[0.881s] Level 1:colcon.colcon_core.package_identification:_identify(build) ignored
[0.881s] Level 1:colcon.colcon_core.package_identification:_identify(install) by extensions ['ignore', 'ignore_ament_install']
[0.881s] Level 1:colcon.colcon_core.package_identification:_identify(install) by extension 'ignore'
[0.881s] Level 1:colcon.colcon_core.package_identification:_identify(install) ignored
[0.881s] Level 1:colcon.colcon_core.package_identification:_identify(log) by extensions ['ignore', 'ignore_ament_install']
[0.881s] Level 1:colcon.colcon_core.package_identification:_identify(log) by extension 'ignore'
[0.881s] Level 1:colcon.colcon_core.package_identification:_identify(log) ignored
[0.881s] Level 1:colcon.colcon_core.package_identification:_identify(src) by extensions ['ignore', 'ignore_ament_install']
[0.882s] Level 1:colcon.colcon_core.package_identification:_identify(src) by extension 'ignore'
[0.883s] Level 1:colcon.colcon_core.package_identification:_identify(src) by extension 'ignore_ament_install'
[0.884s] Level 1:colcon.colcon_core.package_identification:_identify(src) by extensions ['colcon_pkg']
[0.884s] Level 1:colcon.colcon_core.package_identification:_identify(src) by extension 'colcon_pkg'
[0.885s] Level 1:colcon.colcon_core.package_identification:_identify(src) by extensions ['colcon_meta']
[0.885s] Level 1:colcon.colcon_core.package_identification:_identify(src) by extension 'colcon_meta'
[0.885s] Level 1:colcon.colcon_core.package_identification:_identify(src) by extensions ['ros']
[0.885s] Level 1:colcon.colcon_core.package_identification:_identify(src) by extension 'ros'
[0.886s] Level 1:colcon.colcon_core.package_identification:_identify(src) by extensions ['cmake', 'python']
[0.887s] Level 1:colcon.colcon_core.package_identification:_identify(src) by extension 'cmake'
[0.887s] Level 1:colcon.colcon_core.package_identification:_identify(src) by extension 'python'
[0.887s] Level 1:colcon.colcon_core.package_identification:_identify(src) by extensions ['python_setup_py']
[0.887s] Level 1:colcon.colcon_core.package_identification:_identify(src) by extension 'python_setup_py'
[0.887s] Level 1:colcon.colcon_core.package_identification:_identify(src/gui) by extensions ['ignore', 'ignore_ament_install']
[0.887s] Level 1:colcon.colcon_core.package_identification:_identify(src/gui) by extension 'ignore'
[0.887s] Level 1:colcon.colcon_core.package_identification:_identify(src/gui) by extension 'ignore_ament_install'
[0.888s] Level 1:colcon.colcon_core.package_identification:_identify(src/gui) by extensions ['colcon_pkg']
[0.888s] Level 1:colcon.colcon_core.package_identification:_identify(src/gui) by extension 'colcon_pkg'
[0.888s] Level 1:colcon.colcon_core.package_identification:_identify(src/gui) by extensions ['colcon_meta']
[0.888s] Level 1:colcon.colcon_core.package_identification:_identify(src/gui) by extension 'colcon_meta'
[0.888s] Level 1:colcon.colcon_core.package_identification:_identify(src/gui) by extensions ['ros']
[0.888s] Level 1:colcon.colcon_core.package_identification:_identify(src/gui) by extension 'ros'
[0.915s] DEBUG:colcon.colcon_core.package_identification:Package 'src/gui' with type 'ros.ament_python' and name 'gui'
[0.916s] Level 1:colcon.colcon_core.package_discovery:discover_packages(recursive) using defaults
[0.917s] Level 1:colcon.colcon_core.package_discovery:discover_packages(ignore) discover
[0.917s] Level 1:colcon.colcon_core.package_discovery:discover_packages(ignore) using defaults
[0.918s] Level 1:colcon.colcon_core.package_discovery:discover_packages(path) discover
[0.918s] Level 1:colcon.colcon_core.package_discovery:discover_packages(path) using defaults
[1.033s] Level 1:colcon.colcon_core.package_discovery:discover_packages(prefix_path) check parameters
[1.034s] Level 1:colcon.colcon_core.package_discovery:discover_packages(prefix_path) discover
[1.045s] WARNING:colcon.colcon_ros.prefix_path.ament:The path '/home/araby/Cleaning_Robot_Project/Ros2_ws/install/gui' in the environment variable AMENT_PREFIX_PATH doesn't exist
[1.047s] WARNING:colcon.colcon_ros.prefix_path.ament:The path '/home/araby/Cleaning_Robot_Project/Ros2_ws/install/GUI' in the environment variable AMENT_PREFIX_PATH doesn't exist
[1.050s] DEBUG:colcon.colcon_installed_package_information.package_discovery:Found 0 installed packages in /home/araby/Cleaning_Robot_Project/Ros2_ws/install
[1.054s] DEBUG:colcon.colcon_installed_package_information.package_discovery:Found 3 installed packages in /home/araby/ros2_ws/install
[1.090s] DEBUG:colcon.colcon_installed_package_information.package_discovery:Found 275 installed packages in /opt/ros/humble
[1.095s] Level 1:colcon.colcon_core.package_discovery:discover_packages(prefix_path) using defaults
[1.276s] Level 5:colcon.colcon_core.verb:set package 'gui' build argument 'cmake_args' from command line to 'None'
[1.279s] Level 5:colcon.colcon_core.verb:set package 'gui' build argument 'cmake_target' from command line to 'None'
[1.279s] Level 5:colcon.colcon_core.verb:set package 'gui' build argument 'cmake_target_skip_unavailable' from command line to 'False'
[1.289s] Level 5:colcon.colcon_core.verb:set package 'gui' build argument 'cmake_clean_cache' from command line to 'False'
[1.289s] Level 5:colcon.colcon_core.verb:set package 'gui' build argument 'cmake_clean_first' from command line to 'False'
[1.289s] Level 5:colcon.colcon_core.verb:set package 'gui' build argument 'cmake_force_configure' from command line to 'False'
[1.289s] Level 5:colcon.colcon_core.verb:set package 'gui' build argument 'ament_cmake_args' from command line to 'None'
[1.290s] Level 5:colcon.colcon_core.verb:set package 'gui' build argument 'catkin_cmake_args' from command line to 'None'
[1.290s] Level 5:colcon.colcon_core.verb:set package 'gui' build argument 'catkin_skip_building_tests' from command line to 'False'
[1.290s] DEBUG:colcon.colcon_core.verb:Building package 'gui' with the following arguments: {'ament_cmake_args': None, 'build_base': '/home/araby/Cleaning_Robot_Project/Ros2_ws/build/gui', 'catkin_cmake_args': None, 'catkin_skip_building_tests': False, 'cmake_args': None, 'cmake_clean_cache': False, 'cmake_clean_first': False, 'cmake_force_configure': False, 'cmake_target': None, 'cmake_target_skip_unavailable': False, 'install_base': '/home/araby/Cleaning_Robot_Project/Ros2_ws/install/gui', 'merge_install': False, 'path': '/home/araby/Cleaning_Robot_Project/Ros2_ws/src/gui', 'symlink_install': False, 'test_result_base': None}
[1.290s] INFO:colcon.colcon_core.executor:Executing jobs using 'parallel' executor
[1.298s] DEBUG:colcon.colcon_parallel_executor.executor.parallel:run_until_complete
[1.303s] INFO:colcon.colcon_ros.task.ament_python.build:Building ROS package in '/home/araby/Cleaning_Robot_Project/Ros2_ws/src/gui' with build type 'ament_python'
[1.303s] Level 1:colcon.colcon_core.shell:create_environment_hook('gui', 'ament_prefix_path')
[1.306s] INFO:colcon.colcon_core.plugin_system:Skipping extension 'colcon_core.shell.bat': Not used on non-Windows systems
[1.312s] INFO:colcon.colcon_core.shell:Creating environment hook '/home/araby/Cleaning_Robot_Project/Ros2_ws/install/gui/share/gui/hook/ament_prefix_path.ps1'
[1.316s] INFO:colcon.colcon_core.shell:Creating environment descriptor '/home/araby/Cleaning_Robot_Project/Ros2_ws/install/gui/share/gui/hook/ament_prefix_path.dsv'
[1.324s] INFO:colcon.colcon_core.shell:Creating environment hook '/home/araby/Cleaning_Robot_Project/Ros2_ws/install/gui/share/gui/hook/ament_prefix_path.sh'
[1.331s] INFO:colcon.colcon_core.shell:Skip shell extension 'powershell' for command environment: Not usable outside of PowerShell
[1.331s] DEBUG:colcon.colcon_core.shell:Skip shell extension 'dsv' for command environment
[2.836s] INFO:colcon.colcon_core.task.python.build:Building Python package in '/home/araby/Cleaning_Robot_Project/Ros2_ws/src/gui'
[2.841s] INFO:colcon.colcon_core.shell:Skip shell extension 'powershell' for command environment: Not usable outside of PowerShell
[2.842s] DEBUG:colcon.colcon_core.shell:Skip shell extension 'dsv' for command environment
[4.301s] DEBUG:colcon.colcon_core.event_handler.log_command:Invoking command in '/home/araby/Cleaning_Robot_Project/Ros2_ws/src/gui': PYTHONPATH=/home/araby/Cleaning_Robot_Project/Ros2_ws/build/gui/prefix_override:/usr/lib/python3/dist-packages/colcon_core/task/python/colcon_distutils_commands:/home/araby/Cleaning_Robot_Project/Ros2_ws/install/gui/lib/python3.10/site-packages:${PYTHONPATH} /usr/bin/python3 -W ignore:setup.py install is deprecated -W ignore:easy_install command is deprecated setup.py egg_info --egg-base ../../build/gui build --build-base /home/araby/Cleaning_Robot_Project/Ros2_ws/build/gui/build install --record /home/araby/Cleaning_Robot_Project/Ros2_ws/build/gui/install.log --single-version-externally-managed install_data
[5.322s] DEBUG:colcon.colcon_core.event_handler.log_command:Invoked command in '/home/araby/Cleaning_Robot_Project/Ros2_ws/src/gui' returned '0': PYTHONPATH=/home/araby/Cleaning_Robot_Project/Ros2_ws/build/gui/prefix_override:/usr/lib/python3/dist-packages/colcon_core/task/python/colcon_distutils_commands:/home/araby/Cleaning_Robot_Project/Ros2_ws/install/gui/lib/python3.10/site-packages:${PYTHONPATH} /usr/bin/python3 -W ignore:setup.py install is deprecated -W ignore:easy_install command is deprecated setup.py egg_info --egg-base ../../build/gui build --build-base /home/araby/Cleaning_Robot_Project/Ros2_ws/build/gui/build install --record /home/araby/Cleaning_Robot_Project/Ros2_ws/build/gui/install.log --single-version-externally-managed install_data
[5.404s] Level 1:colcon.colcon_core.environment:checking '/home/araby/Cleaning_Robot_Project/Ros2_ws/install/gui' for CMake module files
[5.411s] Level 1:colcon.colcon_core.environment:checking '/home/araby/Cleaning_Robot_Project/Ros2_ws/install/gui' for CMake config files
[5.421s] Level 1:colcon.colcon_core.environment:checking '/home/araby/Cleaning_Robot_Project/Ros2_ws/install/gui/lib'
[5.422s] Level 1:colcon.colcon_core.environment:checking '/home/araby/Cleaning_Robot_Project/Ros2_ws/install/gui/bin'
[5.422s] Level 1:colcon.colcon_core.environment:checking '/home/araby/Cleaning_Robot_Project/Ros2_ws/install/gui/lib/pkgconfig/gui.pc'
[5.429s] Level 1:colcon.colcon_core.environment:checking '/home/araby/Cleaning_Robot_Project/Ros2_ws/install/gui/lib/python3.10/site-packages'
[5.429s] Level 1:colcon.colcon_core.shell:create_environment_hook('gui', 'pythonpath')
[5.431s] INFO:colcon.colcon_core.shell:Creating environment hook '/home/araby/Cleaning_Robot_Project/Ros2_ws/install/gui/share/gui/hook/pythonpath.ps1'
[5.442s] INFO:colcon.colcon_core.shell:Creating environment descriptor '/home/araby/Cleaning_Robot_Project/Ros2_ws/install/gui/share/gui/hook/pythonpath.dsv'
[5.446s] INFO:colcon.colcon_core.shell:Creating environment hook '/home/araby/Cleaning_Robot_Project/Ros2_ws/install/gui/share/gui/hook/pythonpath.sh'
[5.452s] Level 1:colcon.colcon_core.environment:checking '/home/araby/Cleaning_Robot_Project/Ros2_ws/install/gui/bin'
[5.454s] Level 1:colcon.colcon_core.environment:create_environment_scripts_only(gui)
[5.455s] INFO:colcon.colcon_core.shell:Creating package script '/home/araby/Cleaning_Robot_Project/Ros2_ws/install/gui/share/gui/package.ps1'
[5.459s] INFO:colcon.colcon_core.shell:Creating package descriptor '/home/araby/Cleaning_Robot_Project/Ros2_ws/install/gui/share/gui/package.dsv'
[5.462s] INFO:colcon.colcon_core.shell:Creating package script '/home/araby/Cleaning_Robot_Project/Ros2_ws/install/gui/share/gui/package.sh'
[5.465s] INFO:colcon.colcon_core.shell:Creating package script '/home/araby/Cleaning_Robot_Project/Ros2_ws/install/gui/share/gui/package.bash'
[5.468s] INFO:colcon.colcon_core.shell:Creating package script '/home/araby/Cleaning_Robot_Project/Ros2_ws/install/gui/share/gui/package.zsh'
[5.472s] Level 1:colcon.colcon_core.environment:create_file_with_runtime_dependencies(/home/araby/Cleaning_Robot_Project/Ros2_ws/install/gui/share/colcon-core/packages/gui)
[5.474s] DEBUG:colcon.colcon_parallel_executor.executor.parallel:closing loop
[5.474s] DEBUG:colcon.colcon_parallel_executor.executor.parallel:loop closed
[5.474s] DEBUG:colcon.colcon_parallel_executor.executor.parallel:run_until_complete finished with '0'
[5.475s] DEBUG:colcon.colcon_core.event_reactor:joining thread
[5.487s] INFO:colcon.colcon_core.plugin_system:Skipping extension 'colcon_notification.desktop_notification.terminal_notifier': Not used on non-Darwin systems
[5.488s] INFO:colcon.colcon_core.plugin_system:Skipping extension 'colcon_notification.desktop_notification.win32': Not used on non-Windows systems
[5.488s] INFO:colcon.colcon_notification.desktop_notification:Sending desktop notification using 'notify2'
[5.664s] DEBUG:colcon.colcon_core.event_reactor:joined thread
[5.665s] INFO:colcon.colcon_core.shell:Creating prefix script '/home/araby/Cleaning_Robot_Project/Ros2_ws/install/local_setup.ps1'
[5.673s] INFO:colcon.colcon_core.shell:Creating prefix util module '/home/araby/Cleaning_Robot_Project/Ros2_ws/install/_local_setup_util_ps1.py'
[5.706s] INFO:colcon.colcon_core.shell:Creating prefix chain script '/home/araby/Cleaning_Robot_Project/Ros2_ws/install/setup.ps1'
[5.714s] INFO:colcon.colcon_core.shell:Creating prefix script '/home/araby/Cleaning_Robot_Project/Ros2_ws/install/local_setup.sh'
[5.715s] INFO:colcon.colcon_core.shell:Creating prefix util module '/home/araby/Cleaning_Robot_Project/Ros2_ws/install/_local_setup_util_sh.py'
[5.716s] INFO:colcon.colcon_core.shell:Creating prefix chain script '/home/araby/Cleaning_Robot_Project/Ros2_ws/install/setup.sh'
[5.718s] INFO:colcon.colcon_core.shell:Creating prefix script '/home/araby/Cleaning_Robot_Project/Ros2_ws/install/local_setup.bash'
[5.719s] INFO:colcon.colcon_core.shell:Creating prefix chain script '/home/araby/Cleaning_Robot_Project/Ros2_ws/install/setup.bash'
[5.721s] INFO:colcon.colcon_core.shell:Creating prefix script '/home/araby/Cleaning_Robot_Project/Ros2_ws/install/local_setup.zsh'
[5.721s] INFO:colcon.colcon_core.shell:Creating prefix chain script '/home/araby/Cleaning_Robot_Project/Ros2_ws/install/setup.zsh'
