[0.236s] DEBUG:colcon:Command line arguments: ['/home/youssef/.local/bin/colcon', 'list', '-p', '--base-paths', '/home/youssef/cleaning_robot_project/Ros2_ws']
[0.236s] DEBUG:colcon:Parsed command line arguments: Namespace(log_base=None, log_level=None, verb_name='list', build_base='build', ignore_user_meta=False, metas=['./colcon.meta'], base_paths=['/home/youssef/cleaning_robot_project/Ros2_ws'], packages_ignore=None, packages_ignore_regex=None, paths=None, packages_up_to=None, packages_up_to_regex=None, packages_above=None, packages_above_and_dependencies=None, packages_above_depth=None, packages_select_by_dep=None, packages_skip_by_dep=None, packages_skip_up_to=None, packages_select_build_failed=False, packages_skip_build_finished=False, packages_select_test_failures=False, packages_skip_test_passed=False, packages_select=None, packages_skip=None, packages_select_regex=None, packages_skip_regex=None, packages_start=None, packages_end=None, topological_order=False, names_only=False, paths_only=True, topological_graph=False, topological_graph_dot=False, topological_graph_density=False, topological_graph_legend=False, topological_graph_dot_cluster=False, topological_graph_dot_include_skipped=False, verb_parser=<colcon_defaults.argument_parser.defaults.DefaultArgumentsDecorator object at 0x79e8077ff820>, verb_extension=<colcon_package_information.verb.list.ListVerb object at 0x79e8077feb00>, main=<bound method ListVerb.main of <colcon_package_information.verb.list.ListVerb object at 0x79e8077feb00>>)
[0.514s] Level 1:colcon.colcon_core.package_discovery:discover_packages(colcon_meta) check parameters
[0.519s] Level 1:colcon.colcon_core.package_discovery:discover_packages(recursive) check parameters
[0.521s] Level 1:colcon.colcon_core.package_discovery:discover_packages(ignore) check parameters
[0.522s] Level 1:colcon.colcon_core.package_discovery:discover_packages(path) check parameters
[0.522s] Level 1:colcon.colcon_core.package_discovery:discover_packages(recursive) discover
[0.522s] INFO:colcon.colcon_core.package_discovery:Crawling recursively for packages in '/home/youssef/cleaning_robot_project/Ros2_ws'
[0.522s] Level 1:colcon.colcon_core.package_identification:_identify(/home/youssef/cleaning_robot_project/Ros2_ws) by extensions ['ignore', 'ignore_ament_install']
[0.522s] Level 1:colcon.colcon_core.package_identification:_identify(/home/youssef/cleaning_robot_project/Ros2_ws) by extension 'ignore'
[0.522s] Level 1:colcon.colcon_core.package_identification:_identify(/home/youssef/cleaning_robot_project/Ros2_ws) by extension 'ignore_ament_install'
[0.522s] Level 1:colcon.colcon_core.package_identification:_identify(/home/youssef/cleaning_robot_project/Ros2_ws) by extensions ['colcon_pkg']
[0.522s] Level 1:colcon.colcon_core.package_identification:_identify(/home/youssef/cleaning_robot_project/Ros2_ws) by extension 'colcon_pkg'
[0.523s] Level 1:colcon.colcon_core.package_identification:_identify(/home/youssef/cleaning_robot_project/Ros2_ws) by extensions ['colcon_meta']
[0.523s] Level 1:colcon.colcon_core.package_identification:_identify(/home/youssef/cleaning_robot_project/Ros2_ws) by extension 'colcon_meta'
[0.523s] Level 1:colcon.colcon_core.package_identification:_identify(/home/youssef/cleaning_robot_project/Ros2_ws) by extensions ['ros']
[0.523s] Level 1:colcon.colcon_core.package_identification:_identify(/home/youssef/cleaning_robot_project/Ros2_ws) by extension 'ros'
[0.558s] Level 1:colcon.colcon_core.package_identification:_identify(/home/youssef/cleaning_robot_project/Ros2_ws) by extensions ['cmake', 'python']
[0.559s] Level 1:colcon.colcon_core.package_identification:_identify(/home/youssef/cleaning_robot_project/Ros2_ws) by extension 'cmake'
[0.559s] Level 1:colcon.colcon_core.package_identification:_identify(/home/youssef/cleaning_robot_project/Ros2_ws) by extension 'python'
[0.559s] Level 1:colcon.colcon_core.package_identification:_identify(/home/youssef/cleaning_robot_project/Ros2_ws) by extensions ['python_setup_py']
[0.559s] Level 1:colcon.colcon_core.package_identification:_identify(/home/youssef/cleaning_robot_project/Ros2_ws) by extension 'python_setup_py'
[0.559s] Level 1:colcon.colcon_core.package_identification:_identify(/home/youssef/cleaning_robot_project/Ros2_ws/build) by extensions ['ignore', 'ignore_ament_install']
[0.559s] Level 1:colcon.colcon_core.package_identification:_identify(/home/youssef/cleaning_robot_project/Ros2_ws/build) by extension 'ignore'
[0.563s] Level 1:colcon.colcon_core.package_identification:_identify(/home/youssef/cleaning_robot_project/Ros2_ws/build) ignored
[0.564s] Level 1:colcon.colcon_core.package_identification:_identify(/home/youssef/cleaning_robot_project/Ros2_ws/install) by extensions ['ignore', 'ignore_ament_install']
[0.564s] Level 1:colcon.colcon_core.package_identification:_identify(/home/youssef/cleaning_robot_project/Ros2_ws/install) by extension 'ignore'
[0.564s] Level 1:colcon.colcon_core.package_identification:_identify(/home/youssef/cleaning_robot_project/Ros2_ws/install) ignored
[0.564s] Level 1:colcon.colcon_core.package_identification:_identify(/home/youssef/cleaning_robot_project/Ros2_ws/log) by extensions ['ignore', 'ignore_ament_install']
[0.565s] Level 1:colcon.colcon_core.package_identification:_identify(/home/youssef/cleaning_robot_project/Ros2_ws/log) by extension 'ignore'
[0.565s] Level 1:colcon.colcon_core.package_identification:_identify(/home/youssef/cleaning_robot_project/Ros2_ws/log) ignored
[0.565s] Level 1:colcon.colcon_core.package_identification:_identify(/home/youssef/cleaning_robot_project/Ros2_ws/src) by extensions ['ignore', 'ignore_ament_install']
[0.565s] Level 1:colcon.colcon_core.package_identification:_identify(/home/youssef/cleaning_robot_project/Ros2_ws/src) by extension 'ignore'
[0.565s] Level 1:colcon.colcon_core.package_identification:_identify(/home/youssef/cleaning_robot_project/Ros2_ws/src) by extension 'ignore_ament_install'
[0.565s] Level 1:colcon.colcon_core.package_identification:_identify(/home/youssef/cleaning_robot_project/Ros2_ws/src) by extensions ['colcon_pkg']
[0.565s] Level 1:colcon.colcon_core.package_identification:_identify(/home/youssef/cleaning_robot_project/Ros2_ws/src) by extension 'colcon_pkg'
[0.565s] Level 1:colcon.colcon_core.package_identification:_identify(/home/youssef/cleaning_robot_project/Ros2_ws/src) by extensions ['colcon_meta']
[0.565s] Level 1:colcon.colcon_core.package_identification:_identify(/home/youssef/cleaning_robot_project/Ros2_ws/src) by extension 'colcon_meta'
[0.566s] Level 1:colcon.colcon_core.package_identification:_identify(/home/youssef/cleaning_robot_project/Ros2_ws/src) by extensions ['ros']
[0.566s] Level 1:colcon.colcon_core.package_identification:_identify(/home/youssef/cleaning_robot_project/Ros2_ws/src) by extension 'ros'
[0.566s] Level 1:colcon.colcon_core.package_identification:_identify(/home/youssef/cleaning_robot_project/Ros2_ws/src) by extensions ['cmake', 'python']
[0.566s] Level 1:colcon.colcon_core.package_identification:_identify(/home/youssef/cleaning_robot_project/Ros2_ws/src) by extension 'cmake'
[0.566s] Level 1:colcon.colcon_core.package_identification:_identify(/home/youssef/cleaning_robot_project/Ros2_ws/src) by extension 'python'
[0.566s] Level 1:colcon.colcon_core.package_identification:_identify(/home/youssef/cleaning_robot_project/Ros2_ws/src) by extensions ['python_setup_py']
[0.566s] Level 1:colcon.colcon_core.package_identification:_identify(/home/youssef/cleaning_robot_project/Ros2_ws/src) by extension 'python_setup_py'
[0.566s] Level 1:colcon.colcon_core.package_identification:_identify(/home/youssef/cleaning_robot_project/Ros2_ws/src/gui) by extensions ['ignore', 'ignore_ament_install']
[0.566s] Level 1:colcon.colcon_core.package_identification:_identify(/home/youssef/cleaning_robot_project/Ros2_ws/src/gui) by extension 'ignore'
[0.567s] Level 1:colcon.colcon_core.package_identification:_identify(/home/youssef/cleaning_robot_project/Ros2_ws/src/gui) by extension 'ignore_ament_install'
[0.567s] Level 1:colcon.colcon_core.package_identification:_identify(/home/youssef/cleaning_robot_project/Ros2_ws/src/gui) by extensions ['colcon_pkg']
[0.567s] Level 1:colcon.colcon_core.package_identification:_identify(/home/youssef/cleaning_robot_project/Ros2_ws/src/gui) by extension 'colcon_pkg'
[0.567s] Level 1:colcon.colcon_core.package_identification:_identify(/home/youssef/cleaning_robot_project/Ros2_ws/src/gui) by extensions ['colcon_meta']
[0.567s] Level 1:colcon.colcon_core.package_identification:_identify(/home/youssef/cleaning_robot_project/Ros2_ws/src/gui) by extension 'colcon_meta'
[0.567s] Level 1:colcon.colcon_core.package_identification:_identify(/home/youssef/cleaning_robot_project/Ros2_ws/src/gui) by extensions ['ros']
[0.567s] Level 1:colcon.colcon_core.package_identification:_identify(/home/youssef/cleaning_robot_project/Ros2_ws/src/gui) by extension 'ros'
[0.572s] DEBUG:colcon.colcon_core.package_identification:Package '/home/youssef/cleaning_robot_project/Ros2_ws/src/gui' with type 'ros.ament_python' and name 'gui'
[0.573s] Level 1:colcon.colcon_core.package_discovery:discover_packages(recursive) using defaults
