running develop
running egg_info
creating gui.egg-info
writing gui.egg-info/PKG-INFO
writing dependency_links to gui.egg-info/dependency_links.txt
writing entry points to gui.egg-info/entry_points.txt
writing requirements to gui.egg-info/requires.txt
writing top-level names to gui.egg-info/top_level.txt
writing manifest file 'gui.egg-info/SOURCES.txt'
reading manifest file 'gui.egg-info/SOURCES.txt'
writing manifest file 'gui.egg-info/SOURCES.txt'
running build_ext
Creating /home/youssef/cleaning_robot_project/Ros2_ws/install/gui/lib/python3.10/site-packages/gui.egg-link (link to .)

Installed /home/youssef/cleaning_robot_project/Ros2_ws/build/gui
running symlink_data
creating /home/youssef/cleaning_robot_project/Ros2_ws/install/gui/share/ament_index
creating /home/youssef/cleaning_robot_project/Ros2_ws/install/gui/share/ament_index/resource_index
creating /home/youssef/cleaning_robot_project/Ros2_ws/install/gui/share/ament_index/resource_index/packages
symbolically linking /home/youssef/cleaning_robot_project/Ros2_ws/build/gui/resource/gui -> /home/youssef/cleaning_robot_project/Ros2_ws/install/gui/share/ament_index/resource_index/packages
symbolically linking /home/youssef/cleaning_robot_project/Ros2_ws/build/gui/package.xml -> /home/youssef/cleaning_robot_project/Ros2_ws/install/gui/share/gui
