[0.432s] Invoking command in '/home/youssef/cleaning_robot_project/Ros2_ws/build/gui': PYTHONPATH=/home/youssef/cleaning_robot_project/Ros2_ws/build/gui/prefix_override:/home/youssef/cleaning_robot_project/Ros2_ws/install/gui/lib/python3.10/site-packages:${PYTHONPATH} /usr/bin/python3 -W ignore:setup.py install is deprecated setup.py develop --editable --build-directory /home/youssef/cleaning_robot_project/Ros2_ws/build/gui/build --no-deps symlink_data
[0.626s] running develop
[0.733s] running egg_info
[0.733s] creating gui.egg-info
[0.733s] writing gui.egg-info/PKG-INFO
[0.733s] writing dependency_links to gui.egg-info/dependency_links.txt
[0.733s] writing entry points to gui.egg-info/entry_points.txt
[0.733s] writing requirements to gui.egg-info/requires.txt
[0.733s] writing top-level names to gui.egg-info/top_level.txt
[0.733s] writing manifest file 'gui.egg-info/SOURCES.txt'
[0.734s] reading manifest file 'gui.egg-info/SOURCES.txt'
[0.735s] writing manifest file 'gui.egg-info/SOURCES.txt'
[0.736s] running build_ext
[0.736s] Creating /home/youssef/cleaning_robot_project/Ros2_ws/install/gui/lib/python3.10/site-packages/gui.egg-link (link to .)
[0.736s] 
[0.737s] Installed /home/youssef/cleaning_robot_project/Ros2_ws/build/gui
[0.737s] running symlink_data
[0.737s] creating /home/youssef/cleaning_robot_project/Ros2_ws/install/gui/share/ament_index
[0.737s] creating /home/youssef/cleaning_robot_project/Ros2_ws/install/gui/share/ament_index/resource_index
[0.737s] creating /home/youssef/cleaning_robot_project/Ros2_ws/install/gui/share/ament_index/resource_index/packages
[0.737s] symbolically linking /home/youssef/cleaning_robot_project/Ros2_ws/build/gui/resource/gui -> /home/youssef/cleaning_robot_project/Ros2_ws/install/gui/share/ament_index/resource_index/packages
[0.737s] symbolically linking /home/youssef/cleaning_robot_project/Ros2_ws/build/gui/package.xml -> /home/youssef/cleaning_robot_project/Ros2_ws/install/gui/share/gui
[0.757s] Invoked command in '/home/youssef/cleaning_robot_project/Ros2_ws/build/gui' returned '0': PYTHONPATH=/home/youssef/cleaning_robot_project/Ros2_ws/build/gui/prefix_override:/home/youssef/cleaning_robot_project/Ros2_ws/install/gui/lib/python3.10/site-packages:${PYTHONPATH} /usr/bin/python3 -W ignore:setup.py install is deprecated setup.py develop --editable --build-directory /home/youssef/cleaning_robot_project/Ros2_ws/build/gui/build --no-deps symlink_data
