running egg_info
writing ../../build/gui/gui.egg-info/PKG-INFO
writing dependency_links to ../../build/gui/gui.egg-info/dependency_links.txt
writing entry points to ../../build/gui/gui.egg-info/entry_points.txt
writing requirements to ../../build/gui/gui.egg-info/requires.txt
writing top-level names to ../../build/gui/gui.egg-info/top_level.txt
reading manifest file '../../build/gui/gui.egg-info/SOURCES.txt'
writing manifest file '../../build/gui/gui.egg-info/SOURCES.txt'
running build
running build_py
copying gui/keyboard.py -> /home/araby/Cleaning_Robot_Project/Ros2_ws/build/gui/build/lib/gui
running install
running install_lib
copying /home/araby/Cleaning_Robot_Project/Ros2_ws/build/gui/build/lib/gui/keyboard.py -> /home/araby/Cleaning_Robot_Project/Ros2_ws/install/gui/lib/python3.10/site-packages/gui
byte-compiling /home/araby/Cleaning_Robot_Project/Ros2_ws/install/gui/lib/python3.10/site-packages/gui/keyboard.py to keyboard.cpython-310.pyc
running install_data
running install_egg_info
removing '/home/araby/Cleaning_Robot_Project/Ros2_ws/install/gui/lib/python3.10/site-packages/gui-0.0.0-py3.10.egg-info' (and everything under it)
Copying ../../build/gui/gui.egg-info to /home/araby/Cleaning_Robot_Project/Ros2_ws/install/gui/lib/python3.10/site-packages/gui-0.0.0-py3.10.egg-info
running install_scripts
Installing guiNode script to /home/araby/Cleaning_Robot_Project/Ros2_ws/install/gui/lib/gui
Installing keyboard_publisher script to /home/araby/Cleaning_Robot_Project/Ros2_ws/install/gui/lib/gui
writing list of installed files to '/home/araby/Cleaning_Robot_Project/Ros2_ws/build/gui/install.log'
