[2.613s] Invoking command in '/home/araby/Cleaning_Robot_Project/Ros2_ws/src/gui': PYTHONPATH=/home/araby/Cleaning_Robot_Project/Ros2_ws/build/gui/prefix_override:/usr/lib/python3/dist-packages/colcon_core/task/python/colcon_distutils_commands:/home/araby/Cleaning_Robot_Project/Ros2_ws/install/gui/lib/python3.10/site-packages:${PYTHONPATH} /usr/bin/python3 -W ignore:setup.py install is deprecated -W ignore:easy_install command is deprecated setup.py egg_info --egg-base ../../build/gui build --build-base /home/araby/Cleaning_Robot_Project/Ros2_ws/build/gui/build install --record /home/araby/Cleaning_Robot_Project/Ros2_ws/build/gui/install.log --single-version-externally-managed install_data
[3.615s] running egg_info
[3.616s] writing ../../build/gui/gui.egg-info/PKG-INFO
[3.616s] writing dependency_links to ../../build/gui/gui.egg-info/dependency_links.txt
[3.616s] writing entry points to ../../build/gui/gui.egg-info/entry_points.txt
[3.616s] writing requirements to ../../build/gui/gui.egg-info/requires.txt
[3.616s] writing top-level names to ../../build/gui/gui.egg-info/top_level.txt
[3.627s] reading manifest file '../../build/gui/gui.egg-info/SOURCES.txt'
[3.627s] writing manifest file '../../build/gui/gui.egg-info/SOURCES.txt'
[3.627s] running build
[3.627s] running build_py
[3.634s] copying gui/keyboard.py -> /home/araby/Cleaning_Robot_Project/Ros2_ws/build/gui/build/lib/gui
[3.634s] running install
[3.634s] running install_lib
[3.646s] copying /home/araby/Cleaning_Robot_Project/Ros2_ws/build/gui/build/lib/gui/keyboard.py -> /home/araby/Cleaning_Robot_Project/Ros2_ws/install/gui/lib/python3.10/site-packages/gui
[3.648s] byte-compiling /home/araby/Cleaning_Robot_Project/Ros2_ws/install/gui/lib/python3.10/site-packages/gui/keyboard.py to keyboard.cpython-310.pyc
[3.648s] running install_data
[3.650s] running install_egg_info
[3.656s] removing '/home/araby/Cleaning_Robot_Project/Ros2_ws/install/gui/lib/python3.10/site-packages/gui-0.0.0-py3.10.egg-info' (and everything under it)
[3.687s] Copying ../../build/gui/gui.egg-info to /home/araby/Cleaning_Robot_Project/Ros2_ws/install/gui/lib/python3.10/site-packages/gui-0.0.0-py3.10.egg-info
[3.688s] running install_scripts
[3.750s] Installing guiNode script to /home/araby/Cleaning_Robot_Project/Ros2_ws/install/gui/lib/gui
[3.752s] Installing keyboard_publisher script to /home/araby/Cleaning_Robot_Project/Ros2_ws/install/gui/lib/gui
[3.752s] writing list of installed files to '/home/araby/Cleaning_Robot_Project/Ros2_ws/build/gui/install.log'
[3.856s] Invoked command in '/home/araby/Cleaning_Robot_Project/Ros2_ws/src/gui' returned '0': PYTHONPATH=/home/araby/Cleaning_Robot_Project/Ros2_ws/build/gui/prefix_override:/usr/lib/python3/dist-packages/colcon_core/task/python/colcon_distutils_commands:/home/araby/Cleaning_Robot_Project/Ros2_ws/install/gui/lib/python3.10/site-packages:${PYTHONPATH} /usr/bin/python3 -W ignore:setup.py install is deprecated -W ignore:easy_install command is deprecated setup.py egg_info --egg-base ../../build/gui build --build-base /home/araby/Cleaning_Robot_Project/Ros2_ws/build/gui/build install --record /home/araby/Cleaning_Robot_Project/Ros2_ws/build/gui/install.log --single-version-externally-managed install_data
