running develop
running egg_info
creating GUI.egg-info
writing GUI.egg-info/PKG-INFO
writing dependency_links to GUI.egg-info/dependency_links.txt
writing entry points to GUI.egg-info/entry_points.txt
writing requirements to GUI.egg-info/requires.txt
writing top-level names to GUI.egg-info/top_level.txt
writing manifest file 'GUI.egg-info/SOURCES.txt'
reading manifest file 'GUI.egg-info/SOURCES.txt'
writing manifest file 'GUI.egg-info/SOURCES.txt'
running build_ext
Creating /home/youssef/cleaning_robot_project/Ros2_ws/install/GUI/lib/python3.10/site-packages/GUI.egg-link (link to .)

Installed /home/youssef/cleaning_robot_project/Ros2_ws/build/GUI
running symlink_data
creating /home/youssef/cleaning_robot_project/Ros2_ws/install/GUI/share/ament_index
creating /home/youssef/cleaning_robot_project/Ros2_ws/install/GUI/share/ament_index/resource_index
creating /home/youssef/cleaning_robot_project/Ros2_ws/install/GUI/share/ament_index/resource_index/packages
symbolically linking /home/youssef/cleaning_robot_project/Ros2_ws/build/GUI/resource/GUI -> /home/youssef/cleaning_robot_project/Ros2_ws/install/GUI/share/ament_index/resource_index/packages
symbolically linking /home/youssef/cleaning_robot_project/Ros2_ws/build/GUI/package.xml -> /home/youssef/cleaning_robot_project/Ros2_ws/install/GUI/share/GUI
