running egg_info
creating ../../build/gui/gui.egg-info
writing ../../build/gui/gui.egg-info/PKG-INFO
writing dependency_links to ../../build/gui/gui.egg-info/dependency_links.txt
writing entry points to ../../build/gui/gui.egg-info/entry_points.txt
writing requirements to ../../build/gui/gui.egg-info/requires.txt
writing top-level names to ../../build/gui/gui.egg-info/top_level.txt
writing manifest file '../../build/gui/gui.egg-info/SOURCES.txt'
reading manifest file '../../build/gui/gui.egg-info/SOURCES.txt'
writing manifest file '../../build/gui/gui.egg-info/SOURCES.txt'
running build
running build_py
creating /home/mai/Cleaning_Robot_Project/Ros2_ws/build/gui/build
creating /home/mai/Cleaning_Robot_Project/Ros2_ws/build/gui/build/lib
creating /home/mai/Cleaning_Robot_Project/Ros2_ws/build/gui/build/lib/gui
copying gui/__init__.py -> /home/mai/Cleaning_Robot_Project/Ros2_ws/build/gui/build/lib/gui
copying gui/gui.py -> /home/mai/Cleaning_Robot_Project/Ros2_ws/build/gui/build/lib/gui
running install
running install_lib
creating /home/mai/Cleaning_Robot_Project/Ros2_ws/install/gui/lib/python3.10/site-packages/gui
copying /home/mai/Cleaning_Robot_Project/Ros2_ws/build/gui/build/lib/gui/__init__.py -> /home/mai/Cleaning_Robot_Project/Ros2_ws/install/gui/lib/python3.10/site-packages/gui
copying /home/mai/Cleaning_Robot_Project/Ros2_ws/build/gui/build/lib/gui/gui.py -> /home/mai/Cleaning_Robot_Project/Ros2_ws/install/gui/lib/python3.10/site-packages/gui
byte-compiling /home/mai/Cleaning_Robot_Project/Ros2_ws/install/gui/lib/python3.10/site-packages/gui/__init__.py to __init__.cpython-310.pyc
byte-compiling /home/mai/Cleaning_Robot_Project/Ros2_ws/install/gui/lib/python3.10/site-packages/gui/gui.py to gui.cpython-310.pyc
running install_data
creating /home/mai/Cleaning_Robot_Project/Ros2_ws/install/gui/share/ament_index
creating /home/mai/Cleaning_Robot_Project/Ros2_ws/install/gui/share/ament_index/resource_index
creating /home/mai/Cleaning_Robot_Project/Ros2_ws/install/gui/share/ament_index/resource_index/packages
copying resource/gui -> /home/mai/Cleaning_Robot_Project/Ros2_ws/install/gui/share/ament_index/resource_index/packages
copying package.xml -> /home/mai/Cleaning_Robot_Project/Ros2_ws/install/gui/share/gui
running install_egg_info
Copying ../../build/gui/gui.egg-info to /home/mai/Cleaning_Robot_Project/Ros2_ws/install/gui/lib/python3.10/site-packages/gui-0.0.0-py3.10.egg-info
running install_scripts
writing list of installed files to '/home/mai/Cleaning_Robot_Project/Ros2_ws/build/gui/install.log'
